frontend/modules/app-blocker/android/build/intermediates/manifest_merge_blame_file/debug/processDebugManifest/manifest-merger-blame-debug-report.txt
1<?xml version="1.0" encoding="utf-8"?>
2<manifest xmlns:android="http://schemas.android.com/apk/res/android"
3    package="com.sankalai.appblocker" >
4
5    <uses-sdk android:minSdkVersion="24" />
6
7    <uses-permission android:name="android.permission.SYSTEM_ALERT_WINDOW" />
7-->src\main\AndroidManifest.xml:2:5-78
7-->src\main\AndroidManifest.xml:2:22-75
8    <uses-permission android:name="android.permission.PACKAGE_USAGE_STATS" />
8-->src\main\AndroidManifest.xml:3:5-78
8-->src\main\AndroidManifest.xml:3:22-75
9    <uses-permission android:name="android.permission.QUERY_ALL_PACKAGES" />
9-->src\main\AndroidManifest.xml:4:5-77
9-->src\main\AndroidManifest.xml:4:22-74
10    <uses-permission android:name="android.permission.FOREGROUND_SERVICE" />
10-->src\main\AndroidManifest.xml:5:5-77
10-->src\main\AndroidManifest.xml:5:22-74
11
12    <application>
12-->src\main\AndroidManifest.xml:7:5-30:19
13        <service
13-->src\main\AndroidManifest.xml:8:9-20:19
14            android:name="com.sankalai.appblocker.AppBlockerService"
14-->src\main\AndroidManifest.xml:9:13-46
15            android:enabled="true"
15-->src\main\AndroidManifest.xml:10:13-35
16            android:exported="true"
16-->src\main\AndroidManifest.xml:11:13-36
17            android:label="@string/accessibility_service_label"
17-->src\main\AndroidManifest.xml:12:13-64
18            android:permission="android.permission.BIND_ACCESSIBILITY_SERVICE" >
18-->src\main\AndroidManifest.xml:13:13-79
19            <intent-filter>
19-->src\main\AndroidManifest.xml:14:13-16:29
20                <action android:name="android.accessibilityservice.AccessibilityService" />
20-->src\main\AndroidManifest.xml:15:17-92
20-->src\main\AndroidManifest.xml:15:25-89
21            </intent-filter>
22
23            <meta-data
23-->src\main\AndroidManifest.xml:17:13-19:72
24                android:name="android.accessibilityservice"
24-->src\main\AndroidManifest.xml:18:17-60
25                android:resource="@xml/accessibility_service_config" />
25-->src\main\AndroidManifest.xml:19:17-69
26        </service>
27
28        <activity
28-->src\main\AndroidManifest.xml:22:9-29:74
29            android:name="com.sankalai.appblocker.BlockerActivity"
29-->src\main\AndroidManifest.xml:23:13-44
30            android:excludeFromRecents="true"
30-->src\main\AndroidManifest.xml:24:13-46
31            android:exported="false"
31-->src\main\AndroidManifest.xml:25:13-37
32            android:launchMode="singleInstance"
32-->src\main\AndroidManifest.xml:26:13-48
33            android:noHistory="true"
33-->src\main\AndroidManifest.xml:27:13-37
34            android:screenOrientation="portrait"
34-->src\main\AndroidManifest.xml:28:13-49
35            android:theme="@android:style/Theme.NoTitleBar.Fullscreen" />
35-->src\main\AndroidManifest.xml:29:13-71
36    </application>
37
38</manifest>